[2018-06-13 13:40:50] Processing: App\Events\News
PHP Fatal error:  method_exists(): The script tried to execute a method or access a property of an incomplete object. Please ensure that the class definition "App\Events\News" of the object you are trying to operate on was loaded _before_ unserialize() gets called or provide an autoloader to load the class definition in /home/vagrant/code/mhl/mauto/vendor/laravel/framework/src/Illuminate/Broadcasting/BroadcastEvent.php on line 43

In BroadcastEvent.php line 43:
                                                                               
  method_exists(): The script tried to execute a method or access a property   
  of an incomplete object. Please ensure that the class definition "App\Event  
  s\News" of the object you are trying to operate on was loaded _before_ unse  
  rialize() gets called or provide an autoloader to load the class definition  
                                                                               

[2018-06-13 13:55:40] Processing: App\Events\News
PHP Fatal error:  method_exists(): The script tried to execute a method or access a property of an incomplete object. Please ensure that the class definition "App\Events\News" of the object you are trying to operate on was loaded _before_ unserialize() gets called or provide an autoloader to load the class definition in /home/vagrant/code/mhl/mauto/vendor/laravel/framework/src/Illuminate/Broadcasting/BroadcastEvent.php on line 43

In BroadcastEvent.php line 43:
                                                                               
  method_exists(): The script tried to execute a method or access a property   
  of an incomplete object. Please ensure that the class definition "App\Event  
  s\News" of the object you are trying to operate on was loaded _before_ unse  
  rialize() gets called or provide an autoloader to load the class definition  
                                                                               

[2018-06-13 13:57:10] Processing: App\Events\News
PHP Fatal error:  method_exists(): The script tried to execute a method or access a property of an incomplete object. Please ensure that the class definition "App\Events\News" of the object you are trying to operate on was loaded _before_ unserialize() gets called or provide an autoloader to load the class definition in /home/vagrant/code/mhl/mauto/vendor/laravel/framework/src/Illuminate/Broadcasting/BroadcastEvent.php on line 43

In BroadcastEvent.php line 43:
                                                                               
  method_exists(): The script tried to execute a method or access a property   
  of an incomplete object. Please ensure that the class definition "App\Event  
  s\News" of the object you are trying to operate on was loaded _before_ unse  
  rialize() gets called or provide an autoloader to load the class definition  
                                                                               

[2018-06-13 13:57:52] Processing: App\Events\News
PHP Fatal error:  method_exists(): The script tried to execute a method or access a property of an incomplete object. Please ensure that the class definition "App\Events\News" of the object you are trying to operate on was loaded _before_ unserialize() gets called or provide an autoloader to load the class definition in /home/vagrant/code/mhl/mauto/vendor/laravel/framework/src/Illuminate/Broadcasting/BroadcastEvent.php on line 43

In BroadcastEvent.php line 43:
                                                                               
  method_exists(): The script tried to execute a method or access a property   
  of an incomplete object. Please ensure that the class definition "App\Event  
  s\News" of the object you are trying to operate on was loaded _before_ unse  
  rialize() gets called or provide an autoloader to load the class definition  
                                                                               

[2018-06-13 14:02:23] Processing: App\Events\News
PHP Fatal error:  method_exists(): The script tried to execute a method or access a property of an incomplete object. Please ensure that the class definition "App\Events\News" of the object you are trying to operate on was loaded _before_ unserialize() gets called or provide an autoloader to load the class definition in /home/vagrant/code/mhl/mauto/vendor/laravel/framework/src/Illuminate/Broadcasting/BroadcastEvent.php on line 43

In BroadcastEvent.php line 43:
                                                                               
  method_exists(): The script tried to execute a method or access a property   
  of an incomplete object. Please ensure that the class definition "App\Event  
  s\News" of the object you are trying to operate on was loaded _before_ unse  
  rialize() gets called or provide an autoloader to load the class definition  
                                                                               

[2018-06-13 14:03:53] Processing: App\Events\News
PHP Fatal error:  method_exists(): The script tried to execute a method or access a property of an incomplete object. Please ensure that the class definition "App\Events\News" of the object you are trying to operate on was loaded _before_ unserialize() gets called or provide an autoloader to load the class definition in /home/vagrant/code/mhl/mauto/vendor/laravel/framework/src/Illuminate/Broadcasting/BroadcastEvent.php on line 43

In BroadcastEvent.php line 43:
                                                                               
  method_exists(): The script tried to execute a method or access a property   
  of an incomplete object. Please ensure that the class definition "App\Event  
  s\News" of the object you are trying to operate on was loaded _before_ unse  
  rialize() gets called or provide an autoloader to load the class definition  
                                                                               

[2018-06-13 14:05:23] Processing: App\Events\News
PHP Fatal error:  method_exists(): The script tried to execute a method or access a property of an incomplete object. Please ensure that the class definition "App\Events\News" of the object you are trying to operate on was loaded _before_ unserialize() gets called or provide an autoloader to load the class definition in /home/vagrant/code/mhl/mauto/vendor/laravel/framework/src/Illuminate/Broadcasting/BroadcastEvent.php on line 43

In BroadcastEvent.php line 43:
                                                                               
  method_exists(): The script tried to execute a method or access a property   
  of an incomplete object. Please ensure that the class definition "App\Event  
  s\News" of the object you are trying to operate on was loaded _before_ unse  
  rialize() gets called or provide an autoloader to load the class definition  
                                                                               

[2018-06-13 14:24:11] Processing: App\Events\News
PHP Fatal error:  method_exists(): The script tried to execute a method or access a property of an incomplete object. Please ensure that the class definition "App\Events\News" of the object you are trying to operate on was loaded _before_ unserialize() gets called or provide an autoloader to load the class definition in /home/vagrant/code/mhl/mauto/vendor/laravel/framework/src/Illuminate/Broadcasting/BroadcastEvent.php on line 43

In BroadcastEvent.php line 43:
                                                                               
  method_exists(): The script tried to execute a method or access a property   
  of an incomplete object. Please ensure that the class definition "App\Event  
  s\News" of the object you are trying to operate on was loaded _before_ unse  
  rialize() gets called or provide an autoloader to load the class definition  
                                                                               

[2018-06-13 14:25:41] Processing: App\Events\News
PHP Fatal error:  method_exists(): The script tried to execute a method or access a property of an incomplete object. Please ensure that the class definition "App\Events\News" of the object you are trying to operate on was loaded _before_ unserialize() gets called or provide an autoloader to load the class definition in /home/vagrant/code/mhl/mauto/vendor/laravel/framework/src/Illuminate/Broadcasting/BroadcastEvent.php on line 43

In BroadcastEvent.php line 43:
                                                                               
  method_exists(): The script tried to execute a method or access a property   
  of an incomplete object. Please ensure that the class definition "App\Event  
  s\News" of the object you are trying to operate on was loaded _before_ unse  
  rialize() gets called or provide an autoloader to load the class definition  
                                                                               

[2018-06-13 14:29:41] Processing: App\Events\News
PHP Fatal error:  method_exists(): The script tried to execute a method or access a property of an incomplete object. Please ensure that the class definition "App\Events\News" of the object you are trying to operate on was loaded _before_ unserialize() gets called or provide an autoloader to load the class definition in /home/vagrant/code/mhl/mauto/vendor/laravel/framework/src/Illuminate/Broadcasting/BroadcastEvent.php on line 43

In BroadcastEvent.php line 43:
                                                                               
  method_exists(): The script tried to execute a method or access a property   
  of an incomplete object. Please ensure that the class definition "App\Event  
  s\News" of the object you are trying to operate on was loaded _before_ unse  
  rialize() gets called or provide an autoloader to load the class definition  
                                                                               

[2018-06-13 14:30:14] Processing: App\Events\News
PHP Fatal error:  method_exists(): The script tried to execute a method or access a property of an incomplete object. Please ensure that the class definition "App\Events\News" of the object you are trying to operate on was loaded _before_ unserialize() gets called or provide an autoloader to load the class definition in /home/vagrant/code/mhl/mauto/vendor/laravel/framework/src/Illuminate/Broadcasting/BroadcastEvent.php on line 43

In BroadcastEvent.php line 43:
                                                                               
  method_exists(): The script tried to execute a method or access a property   
  of an incomplete object. Please ensure that the class definition "App\Event  
  s\News" of the object you are trying to operate on was loaded _before_ unse  
  rialize() gets called or provide an autoloader to load the class definition  
                                                                               

[2018-06-13 14:31:11] Processing: App\Events\News
PHP Fatal error:  method_exists(): The script tried to execute a method or access a property of an incomplete object. Please ensure that the class definition "App\Events\News" of the object you are trying to operate on was loaded _before_ unserialize() gets called or provide an autoloader to load the class definition in /home/vagrant/code/mhl/mauto/vendor/laravel/framework/src/Illuminate/Broadcasting/BroadcastEvent.php on line 43

In BroadcastEvent.php line 43:
                                                                               
  method_exists(): The script tried to execute a method or access a property   
  of an incomplete object. Please ensure that the class definition "App\Event  
  s\News" of the object you are trying to operate on was loaded _before_ unse  
  rialize() gets called or provide an autoloader to load the class definition  
                                                                               

[2018-06-13 14:31:44] Processing: App\Events\News
PHP Fatal error:  method_exists(): The script tried to execute a method or access a property of an incomplete object. Please ensure that the class definition "App\Events\News" of the object you are trying to operate on was loaded _before_ unserialize() gets called or provide an autoloader to load the class definition in /home/vagrant/code/mhl/mauto/vendor/laravel/framework/src/Illuminate/Broadcasting/BroadcastEvent.php on line 43

In BroadcastEvent.php line 43:
                                                                               
  method_exists(): The script tried to execute a method or access a property   
  of an incomplete object. Please ensure that the class definition "App\Event  
  s\News" of the object you are trying to operate on was loaded _before_ unse  
  rialize() gets called or provide an autoloader to load the class definition  
                                                                               

[2018-06-13 14:35:46] Processing: App\Events\News
PHP Fatal error:  method_exists(): The script tried to execute a method or access a property of an incomplete object. Please ensure that the class definition "App\Events\News" of the object you are trying to operate on was loaded _before_ unserialize() gets called or provide an autoloader to load the class definition in /home/vagrant/code/mhl/mauto/vendor/laravel/framework/src/Illuminate/Broadcasting/BroadcastEvent.php on line 43

In BroadcastEvent.php line 43:
                                                                               
  method_exists(): The script tried to execute a method or access a property   
  of an incomplete object. Please ensure that the class definition "App\Event  
  s\News" of the object you are trying to operate on was loaded _before_ unse  
  rialize() gets called or provide an autoloader to load the class definition  
                                                                               

[2018-06-13 15:38:06] Processing: App\Events\News
PHP Fatal error:  method_exists(): The script tried to execute a method or access a property of an incomplete object. Please ensure that the class definition "App\Events\News" of the object you are trying to operate on was loaded _before_ unserialize() gets called or provide an autoloader to load the class definition in /home/vagrant/code/mhl/mauto/vendor/laravel/framework/src/Illuminate/Broadcasting/BroadcastEvent.php on line 43

In BroadcastEvent.php line 43:
                                                                               
  method_exists(): The script tried to execute a method or access a property   
  of an incomplete object. Please ensure that the class definition "App\Event  
  s\News" of the object you are trying to operate on was loaded _before_ unse  
  rialize() gets called or provide an autoloader to load the class definition  
                                                                               

[2018-06-27 11:16:27] Processing: App\Listeners\SendEmailEventListener
App\Models\User {#213
  #dispatchesEvents: array:1 [
    0 => ""
  ]
  #connection: "mysql"
  #table: null
  #primaryKey: "id"
  #keyType: "int"
  +incrementing: true
  #with: []
  #withCount: []
  #perPage: 15
  +exists: true
  +wasRecentlyCreated: false
  #attributes: array:7 [
    "id" => 1
    "name" => "我叫大海"
    "email" => "2210411072@qq.com"
    "password" => "$2y$10$TKh8H1.PfQx37YgCzwiKb.KjNyWgaHb9cbcoQgdIVFlYg7B77UdFm"
    "remember_token" => "yIvGWSqmuv"
    "created_at" => "2018-06-19 09:14:30"
    "updated_at" => "2018-06-19 09:14:30"
  ]
  #original: array:7 [
    "id" => 1
    "name" => "我叫大海"
    "email" => "2210411072@qq.com"
    "password" => "$2y$10$TKh8H1.PfQx37YgCzwiKb.KjNyWgaHb9cbcoQgdIVFlYg7B77UdFm"
    "remember_token" => "yIvGWSqmuv"
    "created_at" => "2018-06-19 09:14:30"
    "updated_at" => "2018-06-19 09:14:30"
  ]
  #changes: []
  #casts: []
  #dates: []
  #dateFormat: null
  #appends: []
  #observables: []
  #relations: []
  #touches: []
  +timestamps: true
  #hidden: []
  #visible: []
  #fillable: []
  #guarded: array:1 [
    0 => "*"
  ]
}
